Línea 15: la clase MSAdodcLib.Adodc del control adodc1 no era una clase de control cargada.
Línea 162: la clase MSDataGridLib.DataGrid del control DataGrid1 no era una clase de control cargada.
Línea 20: el nombre de la propiedad _ExtentX de adodc1 no es válido.
Línea 21: el nombre de la propiedad _ExtentY de adodc1 no es válido.
Línea 22: el nombre de la propiedad ConnectMode de adodc1 no es válido.
Línea 23: el nombre de la propiedad CursorLocation de adodc1 no es válido.
Línea 24: el nombre de la propiedad IsolationLevel de adodc1 no es válido.
Línea 25: el nombre de la propiedad ConnectionTimeout de adodc1 no es válido.
Línea 26: el nombre de la propiedad CommandTimeout de adodc1 no es válido.
Línea 27: el nombre de la propiedad CursorType de adodc1 no es válido.
Línea 28: el nombre de la propiedad LockType de adodc1 no es válido.
Línea 29: el nombre de la propiedad CommandType de adodc1 no es válido.
Línea 30: el nombre de la propiedad CursorOptions de adodc1 no es válido.
Línea 31: el nombre de la propiedad CacheSize de adodc1 no es válido.
Línea 32: el nombre de la propiedad MaxRecords de adodc1 no es válido.
Línea 33: el nombre de la propiedad BOFAction de adodc1 no es válido.
Línea 34: el nombre de la propiedad EOFAction de adodc1 no es válido.
Línea 35: el nombre de la propiedad ConnectStringType de adodc1 no es válido.
Línea 39: el nombre de la propiedad Orientation de adodc1 no es válido.
Línea 41: el nombre de la propiedad Connect de adodc1 no es válido.
Línea 42: el nombre de la propiedad OLEDBString de adodc1 no es válido.
Línea 43: el nombre de la propiedad OLEDBFile de adodc1 no es válido.
Línea 44: el nombre de la propiedad DataSourceName de adodc1 no es válido.
Línea 45: el nombre de la propiedad OtherAttributes de adodc1 no es válido.
Línea 46: el nombre de la propiedad UserName de adodc1 no es válido.
Línea 47: el nombre de la propiedad Password de adodc1 no es válido.
Línea 48: el nombre de la propiedad RecordSource de adodc1 no es válido.
Línea 49: el nombre de la propiedad Caption de adodc1 no es válido.
Línea 59: el nombre de la propiedad _Version de adodc1 no es válido.
Línea 168: el nombre de la propiedad _ExtentX de DataGrid1 no es válido.
Línea 169: el nombre de la propiedad _ExtentY de DataGrid1 no es válido.
Línea 170: el nombre de la propiedad _Version de DataGrid1 no es válido.
Línea 173: el nombre de la propiedad HeadLines de DataGrid1 no es válido.
Línea 174: el nombre de la propiedad RowHeight de DataGrid1 no es válido.
Línea 183: el nombre de la propiedad HeadFont de DataGrid1 no es válido.
Línea 193: el nombre de la propiedad ColumnCount de DataGrid1 no es válido.
Línea 206: el nombre de la propiedad Column00 de DataGrid1 no es válido.
Línea 219: el nombre de la propiedad Column01 de DataGrid1 no es válido.
Línea 220: el nombre de la propiedad SplitCount de DataGrid1 no es válido.
Línea 226: el nombre de la propiedad Split0 de DataGrid1 no es válido.
